0 info it worked if it ends with ok
1 verbose cli [ '/usr/bin/nodejs', '/usr/bin/npm', 'run', 'test' ]
2 info using npm@1.4.21
3 info using node@v0.10.29
4 verbose run-script [ 'pretest', 'test', 'posttest' ]
5 info pretest gpio@1.0.0
6 info test gpio@1.0.0
7 verbose unsafe-perm in lifecycle true
8 info gpio@1.0.0 Failed to exec test script
9 error gpio@1.0.0 test: `echo "Error: no test specified" && exit 1`
9 error Exit status 1
10 error Failed at the gpio@1.0.0 test script.
10 error This is most likely a problem with the gpio package,
10 error not with npm itself.
10 error Tell the author that this fails on your system:
10 error     echo "Error: no test specified" && exit 1
10 error You can get their info via:
10 error     npm owner ls gpio
10 error There is likely additional logging output above.
11 error System Linux 4.4.13+
12 error command "/usr/bin/nodejs" "/usr/bin/npm" "run" "test"
13 error cwd /home/pi/Code/glow-kegomatic
14 error node -v v0.10.29
15 error npm -v 1.4.21
16 error code ELIFECYCLE
17 verbose exit [ 1, true ]
